"../../../game2d/Content/assets/sprites/block/sheet1.uasset" 0
"../../../game2d/Content/assets/sprites/block/sheet1_Sprite_35.uasset" 1
"../../../game2d/Content/assets/blueprints/fall_block.uasset" 2
"../../../game2d/Content/assets/blueprints/line_breaker.uasset" 3
"../../../game2d/Content/assets/sprites/block/box10.uasset" 4
"../../../game2d/Content/assets/sprites/block/box10_Sprite_0.uasset" 5
"../../../game2d/Content/assets/sprites/block/box11.uasset" 6
"../../../game2d/Content/assets/sprites/block/box11_Sprite_0.uasset" 7
"../../../game2d/Content/assets/sprites/block/box12.uasset" 8
"../../../game2d/Content/assets/sprites/block/box12_Sprite_0.uasset" 9
"../../../game2d/Content/assets/sprites/block/box13.uasset" 10
"../../../game2d/Content/assets/sprites/block/box13_Sprite_0.uasset" 11
"../../../game2d/Content/assets/sprites/block/box14.uasset" 12
"../../../game2d/Content/assets/sprites/block/box14_Sprite_0.uasset" 13
"../../../game2d/Content/assets/sprites/block/box15.uasset" 14
"../../../game2d/Content/assets/sprites/block/box15_Sprite_0.uasset" 15
"../../../game2d/Content/assets/sprites/block/box16.uasset" 16
"../../../game2d/Content/assets/sprites/block/box16_Sprite_0.uasset" 17
"../../../game2d/Content/assets/sprites/block/box1.uasset" 18
"../../../game2d/Content/assets/sprites/block/box1_Sprite_0.uasset" 19
"../../../game2d/Content/assets/sprites/block/box2.uasset" 20
"../../../game2d/Content/assets/sprites/block/box2_Sprite_0.uasset" 21
"../../../game2d/Content/assets/sprites/block/box3.uasset" 22
"../../../game2d/Content/assets/sprites/block/box3_Sprite_0.uasset" 23
"../../../game2d/Content/assets/sprites/block/box4.uasset" 24
"../../../game2d/Content/assets/sprites/block/box4_Sprite_0.uasset" 25
"../../../game2d/Content/assets/sprites/block/box5.uasset" 26
"../../../game2d/Content/assets/sprites/block/box5_Sprite_0.uasset" 27
"../../../game2d/Content/assets/sprites/block/box6.uasset" 28
"../../../game2d/Content/assets/sprites/block/box6_Sprite_0.uasset" 29
"../../../game2d/Content/assets/sprites/block/box7.uasset" 30
"../../../game2d/Content/assets/sprites/block/box7_Sprite_0.uasset" 31
"../../../game2d/Content/assets/sprites/block/box8.uasset" 32
"../../../game2d/Content/assets/sprites/block/box8_Sprite_0.uasset" 33
"../../../game2d/Content/assets/sprites/block/box9.uasset" 34
"../../../game2d/Content/assets/sprites/block/box9_Sprite_0.uasset" 35
"../../../game2d/Content/assets/sprites/block/boxfb.uasset" 36
"../../../game2d/Content/assets/sprites/block/sheet1_Sprite_57.uasset" 37
"../../../Engine/Plugins/2D/Paper2D/Content/DefaultSpriteMaterial.uasset" 38
"../../../Engine/Plugins/2D/Paper2D/Content/TranslucentUnlitSpriteMaterial.uasset" 39
"../../../game2d/Content/assets/sprites/itens/Akuji_EnemyItem.uasset" 40
"../../../game2d/Content/assets/sprites/itens/Akuji_EnemyItem_Sprite_0.uasset" 41
"../../../game2d/Content/assets/sprites/itens/Akuji_EnemyItem_Sprite_69.uasset" 42
"../../../game2d/Content/assets/sprites/stafy/Stafy2.uasset" 43
"../../../game2d/Content/assets/sprites/stafy/Stafy2_Sprite_0.uasset" 44
"../../../game2d/Content/assets/sprites/stafy/Stafy2_Sprite_1.uasset" 45
"../../../game2d/Content/assets/sprites/stafy/Stafy2_Sprite_10.uasset" 46
"../../../game2d/Content/assets/sprites/stafy/Stafy2_Sprite_11.uasset" 47
"../../../game2d/Content/assets/sprites/stafy/Stafy2_Sprite_116.uasset" 48
"../../../game2d/Content/assets/sprites/stafy/Stafy2_Sprite_117.uasset" 49
"../../../game2d/Content/assets/sprites/stafy/Stafy2_Sprite_118.uasset" 50
"../../../game2d/Content/assets/sprites/stafy/Stafy2_Sprite_119.uasset" 51
"../../../game2d/Content/assets/sprites/stafy/Stafy2_Sprite_12.uasset" 52
"../../../game2d/Content/assets/sprites/stafy/Stafy2_Sprite_120.uasset" 53
"../../../game2d/Content/assets/sprites/stafy/Stafy2_Sprite_121.uasset" 54
"../../../game2d/Content/assets/sprites/stafy/Stafy2_Sprite_122.uasset" 55
"../../../game2d/Content/assets/sprites/stafy/Stafy2_Sprite_123.uasset" 56
"../../../game2d/Content/assets/sprites/stafy/Stafy2_Sprite_124.uasset" 57
"../../../game2d/Content/assets/sprites/stafy/Stafy2_Sprite_125.uasset" 58
"../../../game2d/Content/assets/sprites/stafy/Stafy2_Sprite_126.uasset" 59
"../../../game2d/Content/assets/sprites/stafy/Stafy2_Sprite_127.uasset" 60
"../../../game2d/Content/assets/sprites/stafy/Stafy2_Sprite_128.uasset" 61
"../../../game2d/Content/assets/sprites/stafy/Stafy2_Sprite_129.uasset" 62
"../../../game2d/Content/assets/sprites/stafy/Stafy2_Sprite_13.uasset" 63
"../../../game2d/Content/assets/sprites/stafy/Stafy2_Sprite_130.uasset" 64
"../../../game2d/Content/assets/sprites/stafy/Stafy2_Sprite_131.uasset" 65
"../../../game2d/Content/assets/sprites/stafy/Stafy2_Sprite_132.uasset" 66
"../../../game2d/Content/assets/sprites/stafy/Stafy2_Sprite_133.uasset" 67
"../../../game2d/Content/assets/sprites/stafy/Stafy2_Sprite_134.uasset" 68
"../../../game2d/Content/assets/sprites/stafy/Stafy2_Sprite_135.uasset" 69
"../../../game2d/Content/assets/sprites/stafy/Stafy2_Sprite_136.uasset" 70
"../../../game2d/Content/assets/sprites/stafy/Stafy2_Sprite_137.uasset" 71
"../../../game2d/Content/assets/sprites/stafy/Stafy2_Sprite_138.uasset" 72
"../../../game2d/Content/assets/sprites/stafy/Stafy2_Sprite_139.uasset" 73
"../../../game2d/Content/assets/sprites/stafy/Stafy2_Sprite_14.uasset" 74
"../../../game2d/Content/assets/sprites/stafy/Stafy2_Sprite_140.uasset" 75
"../../../game2d/Content/assets/sprites/stafy/Stafy2_Sprite_141.uasset" 76
"../../../game2d/Content/assets/sprites/stafy/Stafy2_Sprite_142.uasset" 77
"../../../game2d/Content/assets/sprites/stafy/Stafy2_Sprite_143.uasset" 78
"../../../game2d/Content/assets/sprites/stafy/Stafy2_Sprite_144.uasset" 79
"../../../game2d/Content/assets/sprites/stafy/Stafy2_Sprite_145.uasset" 80
"../../../game2d/Content/assets/sprites/stafy/Stafy2_Sprite_146.uasset" 81
"../../../game2d/Content/assets/sprites/stafy/Stafy2_Sprite_147.uasset" 82
"../../../game2d/Content/assets/sprites/stafy/Stafy2_Sprite_148.uasset" 83
"../../../game2d/Content/assets/sprites/stafy/Stafy2_Sprite_149.uasset" 84
"../../../game2d/Content/assets/sprites/stafy/Stafy2_Sprite_15.uasset" 85
"../../../game2d/Content/assets/sprites/stafy/Stafy2_Sprite_150.uasset" 86
"../../../game2d/Content/assets/sprites/stafy/Stafy2_Sprite_151.uasset" 87
"../../../game2d/Content/assets/sprites/stafy/Stafy2_Sprite_152.uasset" 88
"../../../game2d/Content/assets/sprites/stafy/Stafy2_Sprite_153.uasset" 89
"../../../game2d/Content/assets/sprites/stafy/Stafy2_Sprite_154.uasset" 90
"../../../game2d/Content/assets/sprites/stafy/Stafy2_Sprite_155.uasset" 91
"../../../game2d/Content/assets/sprites/stafy/Stafy2_Sprite_156.uasset" 92
"../../../game2d/Content/assets/sprites/stafy/Stafy2_Sprite_157.uasset" 93
"../../../game2d/Content/assets/sprites/stafy/Stafy2_Sprite_158.uasset" 94
"../../../game2d/Content/assets/sprites/stafy/Stafy2_Sprite_159.uasset" 95
"../../../game2d/Content/assets/sprites/stafy/Stafy2_Sprite_16.uasset" 96
"../../../game2d/Content/assets/sprites/stafy/Stafy2_Sprite_160.uasset" 97
"../../../game2d/Content/assets/sprites/stafy/Stafy2_Sprite_161.uasset" 98
"../../../game2d/Content/assets/sprites/stafy/Stafy2_Sprite_162.uasset" 99
"../../../game2d/Content/assets/sprites/stafy/Stafy2_Sprite_163.uasset" 100
"../../../game2d/Content/assets/sprites/stafy/Stafy2_Sprite_164.uasset" 101
"../../../game2d/Content/assets/sprites/stafy/Stafy2_Sprite_165.uasset" 102
"../../../game2d/Content/assets/sprites/stafy/Stafy2_Sprite_166.uasset" 103
"../../../game2d/Content/assets/sprites/stafy/Stafy2_Sprite_167.uasset" 104
"../../../game2d/Content/assets/sprites/stafy/Stafy2_Sprite_168.uasset" 105
"../../../game2d/Content/assets/sprites/stafy/Stafy2_Sprite_169.uasset" 106
"../../../game2d/Content/assets/sprites/stafy/Stafy2_Sprite_17.uasset" 107
"../../../game2d/Content/assets/sprites/stafy/Stafy2_Sprite_170.uasset" 108
"../../../game2d/Content/assets/sprites/stafy/Stafy2_Sprite_171.uasset" 109
"../../../game2d/Content/assets/sprites/stafy/Stafy2_Sprite_172.uasset" 110
"../../../game2d/Content/assets/sprites/stafy/Stafy2_Sprite_173.uasset" 111
"../../../game2d/Content/assets/sprites/stafy/Stafy2_Sprite_174.uasset" 112
"../../../game2d/Content/assets/sprites/stafy/Stafy2_Sprite_175.uasset" 113
"../../../game2d/Content/assets/sprites/stafy/Stafy2_Sprite_176.uasset" 114
"../../../game2d/Content/assets/sprites/stafy/Stafy2_Sprite_177.uasset" 115
"../../../game2d/Content/assets/sprites/stafy/Stafy2_Sprite_178.uasset" 116
"../../../game2d/Content/assets/sprites/stafy/Stafy2_Sprite_179.uasset" 117
"../../../game2d/Content/assets/sprites/stafy/Stafy2_Sprite_180.uasset" 118
"../../../game2d/Content/assets/sprites/stafy/Stafy2_Sprite_181.uasset" 119
"../../../game2d/Content/assets/sprites/stafy/Stafy2_Sprite_182.uasset" 120
"../../../game2d/Content/assets/sprites/stafy/Stafy2_Sprite_183.uasset" 121
"../../../game2d/Content/assets/sprites/stafy/Stafy2_Sprite_184.uasset" 122
"../../../game2d/Content/assets/sprites/stafy/Stafy2_Sprite_185.uasset" 123
"../../../game2d/Content/assets/sprites/stafy/Stafy2_Sprite_186.uasset" 124
"../../../game2d/Content/assets/sprites/stafy/Stafy2_Sprite_187.uasset" 125
"../../../game2d/Content/assets/sprites/stafy/Stafy2_Sprite_188.uasset" 126
"../../../game2d/Content/assets/sprites/stafy/Stafy2_Sprite_189.uasset" 127
"../../../game2d/Content/assets/sprites/stafy/Stafy2_Sprite_190.uasset" 128
"../../../game2d/Content/assets/sprites/stafy/Stafy2_Sprite_191.uasset" 129
"../../../game2d/Content/assets/sprites/stafy/Stafy2_Sprite_192.uasset" 130
"../../../game2d/Content/assets/sprites/stafy/Stafy2_Sprite_193.uasset" 131
"../../../game2d/Content/assets/sprites/stafy/Stafy2_Sprite_194.uasset" 132
"../../../game2d/Content/assets/sprites/stafy/Stafy2_Sprite_195.uasset" 133
"../../../game2d/Content/assets/sprites/stafy/Stafy2_Sprite_196.uasset" 134
"../../../game2d/Content/assets/sprites/stafy/Stafy2_Sprite_197.uasset" 135
"../../../game2d/Content/assets/sprites/stafy/Stafy2_Sprite_198.uasset" 136
"../../../game2d/Content/assets/sprites/stafy/Stafy2_Sprite_199.uasset" 137
"../../../game2d/Content/assets/sprites/stafy/Stafy2_Sprite_2.uasset" 138
"../../../game2d/Content/assets/sprites/stafy/Stafy2_Sprite_200.uasset" 139
"../../../game2d/Content/assets/sprites/stafy/Stafy2_Sprite_201.uasset" 140
"../../../game2d/Content/assets/sprites/stafy/Stafy2_Sprite_202.uasset" 141
"../../../game2d/Content/assets/sprites/stafy/Stafy2_Sprite_203.uasset" 142
"../../../game2d/Content/assets/sprites/stafy/Stafy2_Sprite_204.uasset" 143
"../../../game2d/Content/assets/sprites/stafy/Stafy2_Sprite_205.uasset" 144
"../../../game2d/Content/assets/sprites/stafy/Stafy2_Sprite_206.uasset" 145
"../../../game2d/Content/assets/sprites/stafy/Stafy2_Sprite_207.uasset" 146
"../../../game2d/Content/assets/sprites/stafy/Stafy2_Sprite_208.uasset" 147
"../../../game2d/Content/assets/sprites/stafy/Stafy2_Sprite_209.uasset" 148
"../../../game2d/Content/assets/sprites/stafy/Stafy2_Sprite_210.uasset" 149
"../../../game2d/Content/assets/sprites/stafy/Stafy2_Sprite_211.uasset" 150
"../../../game2d/Content/assets/sprites/stafy/Stafy2_Sprite_212.uasset" 151
"../../../game2d/Content/assets/sprites/stafy/Stafy2_Sprite_213.uasset" 152
"../../../game2d/Content/assets/sprites/stafy/Stafy2_Sprite_214.uasset" 153
"../../../game2d/Content/assets/sprites/stafy/Stafy2_Sprite_215.uasset" 154
"../../../game2d/Content/assets/sprites/stafy/Stafy2_Sprite_216.uasset" 155
"../../../game2d/Content/assets/sprites/stafy/Stafy2_Sprite_217.uasset" 156
"../../../game2d/Content/assets/sprites/stafy/Stafy2_Sprite_219.uasset" 157
"../../../game2d/Content/assets/sprites/stafy/Stafy2_Sprite_220.uasset" 158
"../../../game2d/Content/assets/sprites/stafy/Stafy2_Sprite_221.uasset" 159
"../../../game2d/Content/assets/sprites/stafy/Stafy2_Sprite_222.uasset" 160
"../../../game2d/Content/assets/sprites/stafy/Stafy2_Sprite_223.uasset" 161
"../../../game2d/Content/assets/sprites/stafy/Stafy2_Sprite_224.uasset" 162
"../../../game2d/Content/assets/sprites/stafy/Stafy2_Sprite_225.uasset" 163
"../../../game2d/Content/assets/sprites/stafy/Stafy2_Sprite_226.uasset" 164
"../../../game2d/Content/assets/sprites/stafy/Stafy2_Sprite_227.uasset" 165
"../../../game2d/Content/assets/sprites/stafy/Stafy2_Sprite_228.uasset" 166
"../../../game2d/Content/assets/sprites/stafy/Stafy2_Sprite_229.uasset" 167
"../../../game2d/Content/assets/sprites/stafy/Stafy2_Sprite_230.uasset" 168
"../../../game2d/Content/assets/sprites/stafy/Stafy2_Sprite_231.uasset" 169
"../../../game2d/Content/assets/sprites/stafy/Stafy2_Sprite_232.uasset" 170
"../../../game2d/Content/assets/sprites/stafy/Stafy2_Sprite_233.uasset" 171
"../../../game2d/Content/assets/sprites/stafy/Stafy2_Sprite_234.uasset" 172
"../../../game2d/Content/assets/sprites/stafy/Stafy2_Sprite_235.uasset" 173
"../../../game2d/Content/assets/sprites/stafy/Stafy2_Sprite_236.uasset" 174
"../../../game2d/Content/assets/sprites/stafy/Stafy2_Sprite_237.uasset" 175
"../../../game2d/Content/assets/sprites/stafy/Stafy2_Sprite_238.uasset" 176
"../../../game2d/Content/assets/sprites/stafy/Stafy2_Sprite_239.uasset" 177
"../../../game2d/Content/assets/sprites/stafy/Stafy2_Sprite_240.uasset" 178
"../../../game2d/Content/assets/sprites/stafy/Stafy2_Sprite_241.uasset" 179
"../../../game2d/Content/assets/sprites/stafy/Stafy2_Sprite_242.uasset" 180
"../../../game2d/Content/assets/sprites/stafy/Stafy2_Sprite_243.uasset" 181
"../../../game2d/Content/assets/sprites/stafy/Stafy2_Sprite_244.uasset" 182
"../../../game2d/Content/assets/sprites/stafy/Stafy2_Sprite_245.uasset" 183
"../../../game2d/Content/assets/sprites/stafy/Stafy2_Sprite_246.uasset" 184
"../../../game2d/Content/assets/sprites/stafy/Stafy2_Sprite_247.uasset" 185
"../../../game2d/Content/assets/sprites/stafy/Stafy2_Sprite_248.uasset" 186
"../../../game2d/Content/assets/sprites/stafy/Stafy2_Sprite_249.uasset" 187
"../../../game2d/Content/assets/sprites/stafy/Stafy2_Sprite_250.uasset" 188
"../../../game2d/Content/assets/sprites/stafy/Stafy2_Sprite_251.uasset" 189
"../../../game2d/Content/assets/sprites/stafy/Stafy2_Sprite_252.uasset" 190
"../../../game2d/Content/assets/sprites/stafy/Stafy2_Sprite_253.uasset" 191
"../../../game2d/Content/assets/sprites/stafy/Stafy2_Sprite_254.uasset" 192
"../../../game2d/Content/assets/sprites/stafy/Stafy2_Sprite_255.uasset" 193
"../../../game2d/Content/assets/sprites/stafy/Stafy2_Sprite_256.uasset" 194
"../../../game2d/Content/assets/sprites/stafy/Stafy2_Sprite_257.uasset" 195
"../../../game2d/Content/assets/sprites/stafy/Stafy2_Sprite_258.uasset" 196
"../../../game2d/Content/assets/sprites/stafy/Stafy2_Sprite_259.uasset" 197
"../../../game2d/Content/assets/sprites/stafy/Stafy2_Sprite_26.uasset" 198
"../../../game2d/Content/assets/sprites/stafy/Stafy2_Sprite_260.uasset" 199
"../../../game2d/Content/assets/sprites/stafy/Stafy2_Sprite_261.uasset" 200
"../../../game2d/Content/assets/sprites/stafy/Stafy2_Sprite_262.uasset" 201
"../../../game2d/Content/assets/sprites/stafy/Stafy2_Sprite_263.uasset" 202
"../../../game2d/Content/assets/sprites/stafy/Stafy2_Sprite_264.uasset" 203
"../../../game2d/Content/assets/sprites/stafy/Stafy2_Sprite_265.uasset" 204
"../../../game2d/Content/assets/sprites/stafy/Stafy2_Sprite_266.uasset" 205
"../../../game2d/Content/assets/sprites/stafy/Stafy2_Sprite_267.uasset" 206
"../../../game2d/Content/assets/sprites/stafy/Stafy2_Sprite_268.uasset" 207
"../../../game2d/Content/assets/sprites/stafy/Stafy2_Sprite_269.uasset" 208
"../../../game2d/Content/assets/sprites/stafy/Stafy2_Sprite_27.uasset" 209
"../../../game2d/Content/assets/sprites/stafy/Stafy2_Sprite_270.uasset" 210
"../../../game2d/Content/assets/sprites/stafy/Stafy2_Sprite_271.uasset" 211
"../../../game2d/Content/assets/sprites/stafy/Stafy2_Sprite_272.uasset" 212
"../../../game2d/Content/assets/sprites/stafy/Stafy2_Sprite_273.uasset" 213
"../../../game2d/Content/assets/sprites/stafy/Stafy2_Sprite_274.uasset" 214
"../../../game2d/Content/assets/sprites/stafy/Stafy2_Sprite_275.uasset" 215
"../../../game2d/Content/assets/sprites/stafy/Stafy2_Sprite_276.uasset" 216
"../../../game2d/Content/assets/sprites/stafy/Stafy2_Sprite_277.uasset" 217
"../../../game2d/Content/assets/sprites/stafy/Stafy2_Sprite_278.uasset" 218
"../../../game2d/Content/assets/sprites/stafy/Stafy2_Sprite_279.uasset" 219
"../../../game2d/Content/assets/sprites/stafy/Stafy2_Sprite_28.uasset" 220
"../../../game2d/Content/assets/sprites/stafy/Stafy2_Sprite_280.uasset" 221
"../../../game2d/Content/assets/sprites/stafy/Stafy2_Sprite_281.uasset" 222
"../../../game2d/Content/assets/sprites/stafy/Stafy2_Sprite_282.uasset" 223
"../../../game2d/Content/assets/sprites/stafy/Stafy2_Sprite_283.uasset" 224
"../../../game2d/Content/assets/sprites/stafy/Stafy2_Sprite_284.uasset" 225
"../../../game2d/Content/assets/sprites/stafy/Stafy2_Sprite_285.uasset" 226
"../../../game2d/Content/assets/sprites/stafy/Stafy2_Sprite_286.uasset" 227
"../../../game2d/Content/assets/sprites/stafy/Stafy2_Sprite_287.uasset" 228
"../../../game2d/Content/assets/sprites/stafy/Stafy2_Sprite_288.uasset" 229
"../../../game2d/Content/assets/sprites/stafy/Stafy2_Sprite_289.uasset" 230
"../../../game2d/Content/assets/sprites/stafy/Stafy2_Sprite_29.uasset" 231
"../../../game2d/Content/assets/sprites/stafy/Stafy2_Sprite_290.uasset" 232
"../../../game2d/Content/assets/sprites/stafy/Stafy2_Sprite_291.uasset" 233
"../../../game2d/Content/assets/sprites/stafy/Stafy2_Sprite_292.uasset" 234
"../../../game2d/Content/assets/sprites/stafy/Stafy2_Sprite_293.uasset" 235
"../../../game2d/Content/assets/sprites/stafy/Stafy2_Sprite_294.uasset" 236
"../../../game2d/Content/assets/sprites/stafy/Stafy2_Sprite_295.uasset" 237
"../../../game2d/Content/assets/sprites/stafy/Stafy2_Sprite_296.uasset" 238
"../../../game2d/Content/assets/sprites/stafy/Stafy2_Sprite_297.uasset" 239
"../../../game2d/Content/assets/sprites/stafy/Stafy2_Sprite_298.uasset" 240
"../../../game2d/Content/assets/sprites/stafy/Stafy2_Sprite_299.uasset" 241
"../../../game2d/Content/assets/sprites/stafy/Stafy2_Sprite_3.uasset" 242
"../../../game2d/Content/assets/sprites/stafy/Stafy2_Sprite_30.uasset" 243
"../../../game2d/Content/assets/sprites/stafy/Stafy2_Sprite_300.uasset" 244
"../../../game2d/Content/assets/sprites/stafy/Stafy2_Sprite_301.uasset" 245
"../../../game2d/Content/assets/sprites/stafy/Stafy2_Sprite_302.uasset" 246
"../../../game2d/Content/assets/sprites/stafy/Stafy2_Sprite_303.uasset" 247
"../../../game2d/Content/assets/sprites/stafy/Stafy2_Sprite_304.uasset" 248
"../../../game2d/Content/assets/sprites/stafy/Stafy2_Sprite_305.uasset" 249
"../../../game2d/Content/assets/sprites/stafy/Stafy2_Sprite_306.uasset" 250
"../../../game2d/Content/assets/sprites/stafy/Stafy2_Sprite_307.uasset" 251
"../../../game2d/Content/assets/sprites/stafy/Stafy2_Sprite_308.uasset" 252
"../../../game2d/Content/assets/sprites/stafy/Stafy2_Sprite_309.uasset" 253
"../../../game2d/Content/assets/sprites/stafy/Stafy2_Sprite_31.uasset" 254
"../../../game2d/Content/assets/sprites/stafy/Stafy2_Sprite_310.uasset" 255
"../../../game2d/Content/assets/sprites/stafy/Stafy2_Sprite_311.uasset" 256
"../../../game2d/Content/assets/sprites/stafy/Stafy2_Sprite_312.uasset" 257
"../../../game2d/Content/assets/sprites/stafy/Stafy2_Sprite_313.uasset" 258
"../../../game2d/Content/assets/sprites/stafy/Stafy2_Sprite_314.uasset" 259
"../../../game2d/Content/assets/sprites/stafy/Stafy2_Sprite_315.uasset" 260
"../../../game2d/Content/assets/sprites/stafy/Stafy2_Sprite_316.uasset" 261
"../../../game2d/Content/assets/sprites/stafy/Stafy2_Sprite_317.uasset" 262
"../../../game2d/Content/assets/sprites/stafy/Stafy2_Sprite_318.uasset" 263
"../../../game2d/Content/assets/sprites/stafy/Stafy2_Sprite_319.uasset" 264
"../../../game2d/Content/assets/sprites/stafy/Stafy2_Sprite_32.uasset" 265
"../../../game2d/Content/assets/sprites/stafy/Stafy2_Sprite_320.uasset" 266
"../../../game2d/Content/assets/sprites/stafy/Stafy2_Sprite_321.uasset" 267
"../../../game2d/Content/assets/sprites/stafy/Stafy2_Sprite_322.uasset" 268
"../../../game2d/Content/assets/sprites/stafy/Stafy2_Sprite_323.uasset" 269
"../../../game2d/Content/assets/sprites/stafy/Stafy2_Sprite_324.uasset" 270
"../../../game2d/Content/assets/sprites/stafy/Stafy2_Sprite_325.uasset" 271
"../../../game2d/Content/assets/sprites/stafy/Stafy2_Sprite_326.uasset" 272
"../../../game2d/Content/assets/sprites/stafy/Stafy2_Sprite_327.uasset" 273
"../../../game2d/Content/assets/sprites/stafy/Stafy2_Sprite_328.uasset" 274
"../../../game2d/Content/assets/sprites/stafy/Stafy2_Sprite_329.uasset" 275
"../../../game2d/Content/assets/sprites/stafy/Stafy2_Sprite_33.uasset" 276
"../../../game2d/Content/assets/sprites/stafy/Stafy2_Sprite_330.uasset" 277
"../../../game2d/Content/assets/sprites/stafy/Stafy2_Sprite_331.uasset" 278
"../../../game2d/Content/assets/sprites/stafy/Stafy2_Sprite_332.uasset" 279
"../../../game2d/Content/assets/sprites/stafy/Stafy2_Sprite_333.uasset" 280
"../../../game2d/Content/assets/sprites/stafy/Stafy2_Sprite_334.uasset" 281
"../../../game2d/Content/assets/sprites/stafy/Stafy2_Sprite_335.uasset" 282
"../../../game2d/Content/assets/sprites/stafy/Stafy2_Sprite_336.uasset" 283
"../../../game2d/Content/assets/sprites/stafy/Stafy2_Sprite_337.uasset" 284
"../../../game2d/Content/assets/sprites/stafy/Stafy2_Sprite_338.uasset" 285
"../../../game2d/Content/assets/sprites/stafy/Stafy2_Sprite_339.uasset" 286
"../../../game2d/Content/assets/sprites/stafy/Stafy2_Sprite_34.uasset" 287
"../../../game2d/Content/assets/sprites/stafy/Stafy2_Sprite_340.uasset" 288
"../../../game2d/Content/assets/sprites/stafy/Stafy2_Sprite_341.uasset" 289
"../../../game2d/Content/assets/sprites/stafy/Stafy2_Sprite_342.uasset" 290
"../../../game2d/Content/assets/sprites/stafy/Stafy2_Sprite_343.uasset" 291
"../../../game2d/Content/assets/sprites/stafy/Stafy2_Sprite_344.uasset" 292
"../../../game2d/Content/assets/sprites/stafy/Stafy2_Sprite_345.uasset" 293
"../../../game2d/Content/assets/sprites/stafy/Stafy2_Sprite_346.uasset" 294
"../../../game2d/Content/assets/sprites/stafy/Stafy2_Sprite_347.uasset" 295
"../../../game2d/Content/assets/sprites/stafy/Stafy2_Sprite_348.uasset" 296
"../../../game2d/Content/assets/sprites/stafy/Stafy2_Sprite_349.uasset" 297
"../../../game2d/Content/assets/sprites/stafy/Stafy2_Sprite_35.uasset" 298
"../../../game2d/Content/assets/sprites/stafy/Stafy2_Sprite_350.uasset" 299
"../../../game2d/Content/assets/sprites/stafy/Stafy2_Sprite_351.uasset" 300
"../../../game2d/Content/assets/sprites/stafy/Stafy2_Sprite_352.uasset" 301
"../../../game2d/Content/assets/sprites/stafy/Stafy2_Sprite_353.uasset" 302
"../../../game2d/Content/assets/sprites/stafy/Stafy2_Sprite_354.uasset" 303
"../../../game2d/Content/assets/sprites/stafy/Stafy2_Sprite_355.uasset" 304
"../../../game2d/Content/assets/sprites/stafy/Stafy2_Sprite_356.uasset" 305
"../../../game2d/Content/assets/sprites/stafy/Stafy2_Sprite_357.uasset" 306
"../../../game2d/Content/assets/sprites/stafy/Stafy2_Sprite_358.uasset" 307
"../../../game2d/Content/assets/sprites/stafy/Stafy2_Sprite_359.uasset" 308
"../../../game2d/Content/assets/sprites/stafy/Stafy2_Sprite_36.uasset" 309
"../../../game2d/Content/assets/sprites/stafy/Stafy2_Sprite_360.uasset" 310
"../../../game2d/Content/assets/sprites/stafy/Stafy2_Sprite_361.uasset" 311
"../../../game2d/Content/assets/sprites/stafy/Stafy2_Sprite_362.uasset" 312
"../../../game2d/Content/assets/sprites/stafy/Stafy2_Sprite_363.uasset" 313
"../../../game2d/Content/assets/sprites/stafy/Stafy2_Sprite_364.uasset" 314
"../../../game2d/Content/assets/sprites/stafy/Stafy2_Sprite_365.uasset" 315
"../../../game2d/Content/assets/sprites/stafy/Stafy2_Sprite_366.uasset" 316
"../../../game2d/Content/assets/sprites/stafy/Stafy2_Sprite_367.uasset" 317
"../../../game2d/Content/assets/sprites/stafy/Stafy2_Sprite_37.uasset" 318
"../../../game2d/Content/assets/sprites/stafy/Stafy2_Sprite_38.uasset" 319
"../../../game2d/Content/assets/sprites/stafy/Stafy2_Sprite_39.uasset" 320
"../../../game2d/Content/assets/sprites/stafy/Stafy2_Sprite_4.uasset" 321
"../../../game2d/Content/assets/sprites/stafy/Stafy2_Sprite_40.uasset" 322
"../../../game2d/Content/assets/sprites/stafy/Stafy2_Sprite_41.uasset" 323
"../../../game2d/Content/assets/sprites/stafy/Stafy2_Sprite_42.uasset" 324
"../../../game2d/Content/assets/sprites/stafy/Stafy2_Sprite_43.uasset" 325
"../../../game2d/Content/assets/sprites/stafy/Stafy2_Sprite_44.uasset" 326
"../../../game2d/Content/assets/sprites/stafy/Stafy2_Sprite_45.uasset" 327
"../../../game2d/Content/assets/sprites/stafy/Stafy2_Sprite_46.uasset" 328
"../../../game2d/Content/assets/sprites/stafy/Stafy2_Sprite_47.uasset" 329
"../../../game2d/Content/assets/sprites/stafy/Stafy2_Sprite_48.uasset" 330
"../../../game2d/Content/assets/sprites/stafy/Stafy2_Sprite_49.uasset" 331
"../../../game2d/Content/assets/sprites/stafy/Stafy2_Sprite_5.uasset" 332
"../../../game2d/Content/assets/sprites/stafy/Stafy2_Sprite_50.uasset" 333
"../../../game2d/Content/assets/sprites/stafy/Stafy2_Sprite_51.uasset" 334
"../../../game2d/Content/assets/sprites/stafy/Stafy2_Sprite_52.uasset" 335
"../../../game2d/Content/assets/sprites/stafy/Stafy2_Sprite_53.uasset" 336
"../../../game2d/Content/assets/sprites/stafy/Stafy2_Sprite_54.uasset" 337
"../../../game2d/Content/assets/sprites/stafy/Stafy2_Sprite_55.uasset" 338
"../../../game2d/Content/assets/sprites/stafy/Stafy2_Sprite_56.uasset" 339
"../../../game2d/Content/assets/sprites/stafy/Stafy2_Sprite_57.uasset" 340
"../../../game2d/Content/assets/sprites/stafy/Stafy2_Sprite_58.uasset" 341
"../../../game2d/Content/assets/sprites/stafy/Stafy2_Sprite_59.uasset" 342
"../../../game2d/Content/assets/sprites/stafy/Stafy2_Sprite_6.uasset" 343
"../../../game2d/Content/assets/sprites/stafy/Stafy2_Sprite_60.uasset" 344
"../../../game2d/Content/assets/sprites/stafy/Stafy2_Sprite_61.uasset" 345
"../../../game2d/Content/assets/sprites/stafy/Stafy2_Sprite_62.uasset" 346
"../../../game2d/Content/assets/sprites/stafy/Stafy2_Sprite_63.uasset" 347
"../../../game2d/Content/assets/sprites/stafy/Stafy2_Sprite_64.uasset" 348
"../../../game2d/Content/assets/sprites/stafy/Stafy2_Sprite_65.uasset" 349
"../../../game2d/Content/assets/sprites/stafy/Stafy2_Sprite_66.uasset" 350
"../../../game2d/Content/assets/sprites/stafy/Stafy2_Sprite_67.uasset" 351
"../../../game2d/Content/assets/sprites/stafy/Stafy2_Sprite_68.uasset" 352
"../../../game2d/Content/assets/sprites/stafy/Stafy2_Sprite_69.uasset" 353
"../../../game2d/Content/assets/sprites/stafy/Stafy2_Sprite_7.uasset" 354
"../../../game2d/Content/assets/sprites/stafy/Stafy2_Sprite_70.uasset" 355
"../../../game2d/Content/assets/sprites/stafy/Stafy2_Sprite_71.uasset" 356
"../../../game2d/Content/assets/sprites/stafy/Stafy2_Sprite_72.uasset" 357
"../../../game2d/Content/assets/sprites/stafy/Stafy2_Sprite_73.uasset" 358
"../../../game2d/Content/assets/sprites/stafy/Stafy2_Sprite_74.uasset" 359
"../../../game2d/Content/assets/sprites/stafy/Stafy2_Sprite_75.uasset" 360
"../../../game2d/Content/assets/sprites/stafy/Stafy2_Sprite_76.uasset" 361
"../../../game2d/Content/assets/sprites/stafy/Stafy2_Sprite_77.uasset" 362
"../../../game2d/Content/assets/sprites/stafy/Stafy2_Sprite_78.uasset" 363
"../../../game2d/Content/assets/sprites/stafy/Stafy2_Sprite_79.uasset" 364
"../../../game2d/Content/assets/sprites/stafy/Stafy2_Sprite_8.uasset" 365
"../../../game2d/Content/assets/sprites/stafy/Stafy2_Sprite_80.uasset" 366
"../../../game2d/Content/assets/sprites/stafy/Stafy2_Sprite_81.uasset" 367
"../../../game2d/Content/assets/sprites/stafy/Stafy2_Sprite_82.uasset" 368
"../../../game2d/Content/assets/sprites/stafy/Stafy2_Sprite_83.uasset" 369
"../../../game2d/Content/assets/sprites/stafy/Stafy2_Sprite_84.uasset" 370
"../../../game2d/Content/assets/sprites/stafy/Stafy2_Sprite_85.uasset" 371
"../../../game2d/Content/assets/sprites/stafy/Stafy2_Sprite_86.uasset" 372
"../../../game2d/Content/assets/sprites/stafy/Stafy2_Sprite_87.uasset" 373
"../../../game2d/Content/assets/sprites/stafy/Stafy2_Sprite_88.uasset" 374
"../../../game2d/Content/assets/sprites/stafy/Stafy2_Sprite_89.uasset" 375
"../../../game2d/Content/assets/sprites/stafy/Stafy2_Sprite_9.uasset" 376
"../../../game2d/Content/assets/sprites/stafy/Stafy2_Sprite_90.uasset" 377
"../../../game2d/Content/assets/sprites/stafy/Stafy2_Sprite_91.uasset" 378
"../../../game2d/Content/assets/sprites/stafy/Stafy2_Sprite_92.uasset" 379
"../../../game2d/Content/assets/sprites/stafy/Stafy2_Sprite_93.uasset" 380
"../../../game2d/Content/assets/sprites/stafy/Stafy2_Sprite_94.uasset" 381
"../../../game2d/Content/assets/sprites/stafy/Stafy2_Sprite_95.uasset" 382
"../../../game2d/Content/assets/sprites/stafy/Stafy2_Sprite_96.uasset" 383
"../../../game2d/Content/assets/sprites/stafy/Stafy2_Sprite_97.uasset" 384
"../../../game2d/Content/assets/sprites/stafy/Stafy2_Sprite_98.uasset" 385
"../../../Engine/Content/Functions/Engine_MaterialFunctions01/Opacity/CameraDepthFade.uasset" 386
"../../../Engine/Content/EngineMaterials/T_Default_Material_Grid_M.uasset" 387
"../../../Engine/Content/EngineMaterials/T_Default_Material_Grid_N.uasset" 388
"../../../Engine/Content/EngineMaterials/DefaultMaterial.uasset" 389
"../../../Engine/Content/BasicShapes/Cone.uasset" 390
"../../../Engine/Content/EngineMaterials/WorldGridMaterial.uasset" 391
"../../../Engine/Content/BasicShapes/Cube.uasset" 392
"../../../Engine/Content/BasicShapes/Cylinder.uasset" 393
"../../../Engine/Content/BasicShapes/Plane.uasset" 394
"../../../Engine/Content/BasicShapes/Sphere.uasset" 395
"../../../Engine/Content/EditorLandscapeResources/DataLayer.uasset" 396
"../../../Engine/Content/EditorMaterials/GizmoMaterial.uasset" 397
"../../../Engine/Content/EditorMaterials/MAT_Groups_Toggle.uasset" 398
"../../../Engine/Content/EditorMaterials/MAT_Groups_Visibility.uasset" 399
"../../../Engine/Content/EditorMaterials/PreviewShadowIndicator.uasset" 400
"../../../Engine/Content/EditorMaterials/PreviewShadowIndicatorMaterial.uasset" 401
"../../../Engine/Content/EditorMaterials/AssetViewer/EpicQuadPanorama_CC+EV1.uasset" 402
"../../../Engine/Content/EditorMaterials/MatineeGroups/MAT_ColorTrack.uasset" 403
"../../../Engine/Content/EditorMaterials/MatineeGroups/MAT_Groups_Anim.uasset" 404
"../../../Engine/Content/EditorMaterials/MatineeGroups/MAT_Groups_AudioMaster.uasset" 405
"../../../Engine/Content/EditorMaterials/MatineeGroups/MAT_Groups_Director.uasset" 406
"../../../Engine/Content/EditorMaterials/MatineeGroups/MAT_Groups_Event.uasset" 407
"../../../Engine/Content/EditorMaterials/MatineeGroups/MAT_Groups_Fade.uasset" 408
"../../../Engine/Content/EditorMaterials/MatineeGroups/MAT_Groups_Float.uasset" 409
"../../../Engine/Content/EditorMaterials/MatineeGroups/MAT_Groups_Move.uasset" 410
"../../../Engine/Content/EditorMaterials/MatineeGroups/MAT_Groups_Slomo.uasset" 411
"../../../Engine/Content/EditorMaterials/MatineeGroups/MAT_Groups_Sound.uasset" 412
"../../../Engine/Content/EditorMaterials/MatineeGroups/MAT_Groups_Vector.uasset" 413
"../../../Engine/Content/EditorMaterials/ParticleSystems/PSysThumbnail_NoImage.uasset" 414
"../../../Engine/Content/EditorMaterials/ParticleSystems/PSysThumbnail_OOD.uasset" 415
"../../../Engine/Content/EditorMaterials/Camera/CineMat.uasset" 416
"../../../Engine/Content/EditorMaterials/Camera/MI_CineMat_Rig.uasset" 417
"../../../Engine/Content/EditorMeshes/Camera/SM_CraneRig_Arm.uasset" 418
"../../../Engine/Content/EditorMeshes/Camera/SM_CraneRig_Base.uasset" 419
"../../../Engine/Content/EditorMeshes/Camera/SM_CraneRig_Body.uasset" 420
"../../../Engine/Content/EditorMeshes/Camera/SM_CraneRig_Mount.uasset" 421
"../../../Engine/Content/EditorMeshes/Camera/SM_RailRig_Mount.uasset" 422
"../../../Engine/Content/EditorMeshes/Camera/SM_RailRig_Track.uasset" 423
"../../../Engine/Content/EditorMeshes/ColorCalibrator/M_ChromeBall.uasset" 424
"../../../Engine/Content/EditorMeshes/ColorCalibrator/M_ClearCoat.uasset" 425
"../../../Engine/Content/EditorMeshes/ColorCalibrator/M_ClearCoatBlack.uasset" 426
"../../../Engine/Content/EditorMeshes/ColorCalibrator/T_ColorGrid.uasset" 427
"../../../Engine/Content/EditorMeshes/ColorCalibrator/M_ColorGrid.uasset" 428
"../../../Engine/Content/EditorMeshes/ColorCalibrator/M_GreyBall.uasset" 429
"../../../Engine/Content/EditorMeshes/ColorCalibrator/SM_ColorCalibrator.uasset" 430
"../../../Engine/Content/EditorResources/BSPVertex.uasset" 431
"../../../Engine/Content/EditorResources/EmptyActor.uasset" 432
"../../../Engine/Content/EditorResources/S_Actor.uasset" 433
"../../../Engine/Content/EditorResources/S_Trigger.uasset" 434
"../../../Engine/Content/EditorResources/LightIcons/S_LightError.uasset" 435
"../../../Engine/Content/EditorResources/SequenceRecorder/Countdown.uasset" 436
"../../../Engine/Content/EditorResources/SequenceRecorder/RecordingIndicator.uasset" 437
"../../../Engine/Content/EditorSounds/Notifications/CompileFailed.uasset" 438
"../../../Engine/Content/EditorSounds/Notifications/CompileFailed_Cue.uasset" 439
"../../../Engine/Content/EditorSounds/Notifications/CompileSuccess.uasset" 440
"../../../Engine/Content/EditorSounds/Notifications/CompileStart_Cue.uasset" 441
"../../../Engine/Content/EditorSounds/Notifications/CompileSuccess_Cue.uasset" 442
"../../../Engine/Content/EngineDamageTypes/DmgTypeBP_Environmental.uasset" 443
"../../../Engine/Content/EngineDebugMaterials/HeatmapGradient.uasset" 444
"../../../Engine/Content/EngineDebugMaterials/BoneWeightMaterial.uasset" 445
"../../../Engine/Content/EngineDebugMaterials/ClothMaterial.uasset" 446
"../../../Engine/Content/EngineDebugMaterials/ClothMaterial_WF.uasset" 447
"../../../Engine/Content/EngineDebugMaterials/DebugEditorMaterial.uasset" 448
"../../../Engine/Content/EngineDebugMaterials/DebugMeshMaterial.uasset" 449
"../../../Engine/Content/EngineDebugMaterials/GeomMaterial.uasset" 450
"../../../Engine/Content/EngineFonts/Faces/RobotoBold.uasset" 451
"../../../Engine/Content/EngineFonts/Faces/RobotoBoldItalic.uasset" 452
"../../../Engine/Content/EngineFonts/Faces/RobotoItalic.uasset" 453
"../../../Engine/Content/EngineFonts/Faces/RobotoLight.uasset" 454
"../../../Engine/Content/EngineFonts/Faces/RobotoRegular.uasset" 455
"../../../Engine/Content/EngineFonts/Roboto.uasset" 456
"../../../Engine/Content/EngineFonts/Faces/RobotoTiny.uasset" 457
"../../../Engine/Content/EngineFonts/RobotoTiny.uasset" 458
"../../../Engine/Content/EngineMaterials/DefaultBloomKernel.uasset" 459
"../../../Engine/Content/EngineMaterials/DefaultBokeh.uasset" 460
"../../../Engine/Content/EngineMaterials/DefaultDiffuse.uasset" 461
"../../../Engine/Content/EngineMaterials/DefaultDeferredDecalMaterial.uasset" 462
"../../../Engine/Content/EngineMaterials/DefaultLightFunctionMaterial.uasset" 463
"../../../Engine/Content/EngineMaterials/DefaultPhysicalMaterial.uasset" 464
"../../../Engine/Content/Functions/Engine_MaterialFunctions02/Utility/BreakOutFloat2Components.uasset" 465
"../../../Engine/Content/EngineMaterials/DefaultPostProcessMaterial.uasset" 466
"../../../Engine/Content/EngineFonts/RobotoDistanceField.uasset" 467
"../../../Engine/Content/EngineMaterials/DefaultTextMaterialOpaque.uasset" 468
"../../../Engine/Content/EngineMaterials/DefaultWhiteGrid.uasset" 469
"../../../Engine/Content/EngineMaterials/EditorBrushMaterial.uasset" 470
"../../../Engine/Content/EngineMaterials/Good64x64TilingNoiseHighFreq.uasset" 471
"../../../Engine/Content/EngineMaterials/MiniFont.uasset" 472
"../../../Engine/Content/EngineMaterials/InvalidLightmapSettings.uasset" 473
"../../../Engine/Content/EngineMaterials/M_InvalidLightmapSettings.uasset" 474
"../../../Engine/Content/EngineMaterials/PhAT_JointLimitMaterial.uasset" 475
"../../../Engine/Content/EngineMaterials/PreintegratedSkinBRDF.uasset" 476
"../../../Engine/Content/EngineMaterials/RemoveSurfaceMaterial.uasset" 477
"../../../Engine/Content/EngineMaterials/WeightMapPlaceholderTexture.uasset" 478
"../../../Engine/Content/EngineResources/WhiteSquareTexture.uasset" 479
"../../../Engine/Content/EngineMaterials/Widget3DPassThrough.uasset" 480
"../../../Engine/Content/EngineMaterials/Widget3DPassThrough_Masked.uasset" 481
"../../../Engine/Content/EngineMaterials/Widget3DPassThrough_Opaque.uasset" 482
"../../../Engine/Content/EngineMaterials/Widget3DPassThrough_Masked_OneSided.uasset" 483
"../../../Engine/Content/EngineMaterials/Widget3DPassThrough_Opaque_OneSided.uasset" 484
"../../../Engine/Content/EngineMaterials/Widget3DPassThrough_Translucent.uasset" 485
"../../../Engine/Content/EngineMaterials/Widget3DPassThrough_Translucent_OneSided.uasset" 486
"../../../Engine/Content/EngineMeshes/Cube.uasset" 487
"../../../Engine/Content/EngineMeshes/Cylinder.uasset" 488
"../../../Engine/Content/EngineMeshes/Sphere.uasset" 489
"../../../Engine/Content/EngineResources/Black.uasset" 490
"../../../Engine/Content/EngineResources/DefaultTexture.uasset" 491
"../../../Engine/Content/EngineResources/DefaultTextureCube.uasset" 492
"../../../Engine/Content/EngineResources/GradientTexture0.uasset" 493
"../../../Engine/Content/EngineSounds/Master.uasset" 494
"../../../Engine/Content/Functions/Engine_MaterialFunctions01/Shading/ConvertFromDiffSpec.uasset" 495
"../../../Engine/Content/Functions/Engine_MaterialFunctions01/Shading/PowerToRoughness.uasset" 496
"../../../Engine/Content/Maps/Templates/Thumbnails/Default.uasset" 497
"../../../Engine/Content/Maps/Templates/Thumbnails/VR-Basic.uasset" 498
"../../../Engine/Content/MobileResources/T_MobileControls_texture.uasset" 499
"../../../Engine/Content/MobileResources/T_MobileMenu2.uasset" 500
"../../../Engine/Content/MobileResources/HUD/AnalogHat.uasset" 501
"../../../Engine/Content/MobileResources/HUD/VirtualJoystick_Background.uasset" 502
"../../../Engine/Content/MobileResources/HUD/VirtualJoystick_Thumb.uasset" 503
"../../../Engine/Content/MobileResources/HUD/DefaultVirtualJoysticks.uasset" 504
"../../../Engine/Content/MobileResources/HUD/LeftVirtualJoystickOnly.uasset" 505
"../../../Engine/Content/MobileResources/HUD/MobileHUDButton1_off.uasset" 506
"../../../Engine/Content/MobileResources/HUD/MobileHUDButton1_on.uasset" 507
"../../../Engine/Content/MobileResources/HUD/MobileHUDButton2_off.uasset" 508
"../../../Engine/Content/MobileResources/HUD/MobileHUDButton2_on.uasset" 509
"../../../Engine/Content/MobileResources/HUD/MobileHUDButton3.uasset" 510
"../../../Engine/Content/MobileResources/HUD/MobileHUDButtonFire.uasset" 511
"../../../Engine/Content/MobileResources/HUD/MobileHUDDirectionPad.uasset" 512
"../../../Engine/Content/MobileResources/HUD/MobileHUDDirectionPad2.uasset" 513
"../../../Engine/Content/MobileResources/HUD/MobileHUDDirectionPad3.uasset" 514
"../../../Engine/Content/MobileResources/HUD/MobileHUDDirectionStick.uasset" 515
"../../../Engine/Content/MobileResources/HUD/T_Castle_ThumbstickInner.uasset" 516
"../../../Engine/Content/MobileResources/HUD/T_Castle_ThumbstickOutter.uasset" 517
"../../../Engine/Content/Tutorial/ContentIntroCurve.uasset" 518
"../../../Engine/Content/Tutorial/Basics/TutorialAssets/icon_tab_Levels_40x.uasset" 519
"../../../Engine/Content/Tutorial/BlueprintTutorials/TutorialAssets/BlueprintInterface_64x.uasset" 520
"../../../Engine/Content/Tutorial/BlueprintTutorials/TutorialAssets/BlueprintMacroLibrary_64x.uasset" 521
"../../../Engine/Content/Tutorial/BlueprintTutorials/TutorialAssets/Blueprint_64x.uasset" 522
"../../../Engine/Content/Tutorial/BlueprintTutorials/TutorialAssets/Tutorial_BP_Interface.uasset" 523
"../../../Engine/Content/Tutorial/Foliage/TutorialAssets/Foliage.uasset" 524
"../../../Engine/Content/Tutorial/Landscape/TutorialAssets/Landscape.uasset" 525
"../../../Engine/Content/Tutorial/Paper2D/TutorialAssets/Paper2DFlipbook_TutorialIcon.uasset" 526
"../../../Engine/Content/Tutorial/Paper2D/TutorialAssets/Paper2DSprite_TutorialIcon.uasset" 527
"../../../Engine/Content/Tutorial/SubEditors/TutorialAssets/icon_Editor_Preferences_General_40x.uasset" 528
"../../../Engine/Content/Tutorial/SubEditors/TutorialAssets/icon_ShowSkeletalMeshes_40x.uasset" 529
"../../../Engine/Content/Tutorial/SubEditors/TutorialAssets/TutorialMaterial.uasset" 530
"../../../Engine/Content/Tutorial/SubEditors/TutorialAssets/T_SmokeSubUV_8X8.uasset" 531
"../../../Engine/Content/Tutorial/SubEditors/TutorialAssets/T_soft_smoke.uasset" 532
"../../../Engine/Content/Tutorial/SubEditors/TutorialAssets/M_smoke_subUV_blackbody.uasset" 533
"../../../Engine/Content/Tutorial/SubEditors/TutorialAssets/TutorialParticleSystem.uasset" 534
"../../../Engine/Content/EditorMeshes/EditorCube.uasset" 535
"../../../Engine/Content/Tutorial/SubEditors/TutorialAssets/Tutorial_DM.uasset" 536
"../../../Engine/Content/VREditor/Devices/Generic/GenericHMDMaterial.uasset" 537
"../../../Engine/Content/VREditor/Devices/Generic/GenericHMD.uasset" 538
"../../../Engine/Content/VREditor/FloatingText/LineMaterial.uasset" 539
"../../../Engine/Content/VREditor/FloatingText/JointSphere.uasset" 540
"../../../Engine/Content/VREditor/FloatingText/LineSegmentCylinder.uasset" 541
"../../../Engine/Content/VREditor/Fonts/VRText_RobotoLarge.uasset" 542
"../../../Engine/Content/VREditor/Fonts/VRTextMaterial.uasset" 543
"../../../Engine/Content/VREditor/Fonts/TranslucentVRTextMaterial.uasset" 544
"../../../Engine/Content/VREditor/LaserPointer/CursorPointer.uasset" 545
"../../../Engine/Content/VREditor/LaserPointer/VR_LaserPower_01.uasset" 546
"../../../Engine/Content/VREditor/TransformGizmo/TransformGizmoMaterial.uasset" 547
"../../../Engine/Content/VREditor/LaserPointer/HoverMaterial.uasset" 548
"../../../Engine/Content/VREditor/TransformGizmo/TranslucentTransformGizmoMaterial.uasset" 549
"../../../Engine/Content/VREditor/LaserPointer/TranslucentHoverMaterial.uasset" 550
"../../../Engine/Content/VREditor/LaserPointer/HoverMesh.uasset" 551
"../../../Engine/Content/VREditor/LaserPointer/LaserPointerMaterial.uasset" 552
"../../../Engine/Content/VREditor/LaserPointer/LaserPointerMaterialInst.uasset" 553
"../../../Engine/Content/VREditor/LaserPointer/TranslucentLaserPointerMaterialInst.uasset" 554
"../../../Engine/Content/VREditor/LaserPointer/LaserPointerMesh.uasset" 555
"../../../Engine/Content/VREditor/LaserPointer/LaserPointerMesh_End.uasset" 556
"../../../Engine/Content/VREditor/LaserPointer/LaserPointerMesh_Start.uasset" 557
"../../../Engine/Content/Functions/Engine_MaterialFunctions02/Utility/BreakOutFloat3Components.uasset" 558
"../../../Engine/Content/Functions/Engine_MaterialFunctions02/Math/Transform3x3Matrix.uasset" 559
"../../../Engine/Content/Functions/Engine_MaterialFunctions02/SplitComponents.uasset" 560
"../../../Engine/Content/Functions/Engine_MaterialFunctions02/Utility/MakeFloat3.uasset" 561
"../../../Engine/Content/VREditor/SnapGrid/SnapGridMaterial.uasset" 562
"../../../Engine/Content/VREditor/SnapGrid/SnapGridPlaneMesh.uasset" 563
"../../../Engine/Content/VREditor/Sounds/VR_teleport.uasset" 564
"../../../Engine/Content/VREditor/Sounds/UI/Click_on_Button_Cue.uasset" 565
"../../../Engine/Content/VREditor/Sounds/UI/Dockable_Window_Close.uasset" 566
"../../../Engine/Content/VREditor/Sounds/UI/Dockable_Window_Drop.uasset" 567
"../../../Engine/Content/VREditor/Sounds/UI/Dockable_Window_Open.uasset" 568
"../../../Engine/Content/VREditor/Sounds/UI/Dockable_Window_Pick_Up.uasset" 569
"../../../Engine/Content/VREditor/Sounds/UI/Drop_Item_From_ContentBrowser.uasset" 570
"../../../Engine/Content/VREditor/Sounds/UI/Floating_UI_Open-001.uasset" 571
"../../../Engine/Content/VREditor/Sounds/UI/Gizmo_Handle_Clicked.uasset" 572
"../../../Engine/Content/VREditor/Sounds/UI/Object_PickUp.uasset" 573
"../../../Engine/Content/VREditor/Sounds/UI/Object_Snaps_To_Another_Actor.uasset" 574
"../../../Engine/Content/VREditor/Sounds/UI/Object_Snaps_To_Grid.uasset" 575
"../../../Engine/Content/VREditor/Sounds/UI/Radial_Menu_FadeOut.uasset" 576
"../../../Engine/Content/VREditor/Sounds/UI/Scaling_Down.uasset" 577
"../../../Engine/Content/VREditor/Sounds/UI/Scaling_Up.uasset" 578
"../../../Engine/Content/VREditor/Sounds/UI/Selection_Changes.uasset" 579
"../../../Engine/Content/VREditor/Sounds/UI/Teleport_Mode_Entered.uasset" 580
"../../../Engine/Content/VREditor/Teleport/TeleportDirectionMaterial.uasset" 581
"../../../Engine/Content/VREditor/Teleport/TeleportDirectionMaterial_Inst.uasset" 582
"../../../Engine/Content/VREditor/Teleport/TeleportDirectionMesh.uasset" 583
"../../../Engine/Content/VREditor/TransformGizmo/BoundingBoxCorner.uasset" 584
"../../../Engine/Content/VREditor/TransformGizmo/BoundingBoxEdge.uasset" 585
"../../../Engine/Content/VREditor/TransformGizmo/PlaneTranslationHandle.uasset" 586
"../../../Engine/Content/VREditor/TransformGizmo/RotationHandleFull.uasset" 587
"../../../Engine/Content/VREditor/TransformGizmo/RotationHandleIndicator.uasset" 588
"../../../Engine/Content/VREditor/TransformGizmo/RotationHandleQuarter.uasset" 589
"../../../Engine/Content/VREditor/TransformGizmo/Main.uasset" 590
"../../../Engine/Content/VREditor/TransformGizmo/Xray.uasset" 591
"../../../Engine/Content/VREditor/TransformGizmo/SM_Dialog_Close.uasset" 592
"../../../Engine/Content/VREditor/TransformGizmo/SM_Dialog_Move.uasset" 593
"../../../Engine/Content/VREditor/TransformGizmo/SM_Sequencer_Key.uasset" 594
"../../../Engine/Content/VREditor/TransformGizmo/StartRotationHandleIndicator.uasset" 595
"../../../Engine/Content/VREditor/TransformGizmo/TranslucentTransformGizmoMaterial_Inst.uasset" 596
"../../../Engine/Content/VREditor/TransformGizmo/TransformGizmoFreeRotation.uasset" 597
"../../../Engine/Content/VREditor/TransformGizmo/TransformGizmoMaterial_Inst.uasset" 598
"../../../Engine/Content/VREditor/TransformGizmo/TranslateArrowHandle.uasset" 599
"../../../Engine/Content/VREditor/TransformGizmo/UniformScaleHandle.uasset" 600
"../../../Engine/Content/VREditor/UI/KeyDiskMaterial.uasset" 601
"../../../Engine/Content/VREditor/UI/DiscMaterial.uasset" 602
"../../../Engine/Content/VREditor/UI/SM_Radial_Disk.uasset" 603
"../../../Engine/Content/Functions/Engine_MaterialFunctions01/Gradient/RadialGradient.uasset" 604
"../../../Engine/Content/VREditor/WorldMovementGrid/SimpleGrid.uasset" 605
"../../../Engine/Content/VREditor/WorldMovementGrid/GridMaterial.uasset" 606
"../../../Engine/Content/Functions/Engine_MaterialFunctions01/Density/ExponentialDensity.uasset" 607
"../../../Engine/Content/VREditor/WorldMovementGrid/GridPostProcess.uasset" 608
"../../../Engine/Content/EditorLandscapeResources/FlattenHeightMat.uasset" 609
"../../../Engine/Content/VREditor/WorldMovementGrid/PlaneMesh.uasset" 610
"../../../Engine/Plugins/2D/Paper2D/Content/PlaceholderTextures/DummySpriteTexture.uasset" 611
"../../../Engine/Plugins/2D/Paper2D/Content/DummySprite.uasset" 612
"../../../Engine/Plugins/2D/Paper2D/Content/DefaultPaperTerrainMaterial.uasset" 613
"../../../Engine/Plugins/2D/Paper2D/Content/MaskedUnlitSpriteMaterial.uasset" 614
"../../../Engine/Plugins/2D/Paper2D/Content/OpaqueUnlitSpriteMaterial.uasset" 615
"../../../Engine/Plugins/Runtime/Oculus/OculusVR/Content/Textures/GearVRController_AO.uasset" 616
"../../../Engine/Plugins/Runtime/Oculus/OculusVR/Content/Textures/GearVRController_Color.uasset" 617
"../../../Engine/Plugins/Runtime/Oculus/OculusVR/Content/Textures/GearVRController_Normal.uasset" 618
"../../../Engine/Plugins/Runtime/Oculus/OculusVR/Content/Materials/GearVRControllerMaterial.uasset" 619
"../../../Engine/Plugins/Runtime/Oculus/OculusVR/Content/Meshes/GearVrController.uasset" 620
"../../../Engine/Content/EditorBlueprintResources/StandardMacros.uasset" 621
"../../../game2d/Content/assets/blueprints/blocksgamemode.uasset" 622
"../../../game2d/Content/assets/sprites/stafy/Stafy2_Sprite_112.uasset" 623
"../../../game2d/Content/assets/sprites/stafy/Stafy2_Sprite_113.uasset" 624
"../../../game2d/Content/assets/sprites/stafy/Stafy2_Sprite_114.uasset" 625
"../../../game2d/Content/assets/sprites/stafy/Stafy2_Sprite_115.uasset" 626
"../../../game2d/Content/assets/sprites/stafy/bossatack.uasset" 627
"../../../game2d/Content/assets/blueprints/boss_atack.uasset" 628
"../../../game2d/Content/assets/sprites/boss/boss.uasset" 629
"../../../game2d/Content/assets/sprites/boss/boss_Sprite_0.uasset" 630
"../../../game2d/Content/assets/sprites/boss/boss_Sprite_1.uasset" 631
"../../../game2d/Content/assets/sprites/boss/boss_Sprite_2.uasset" 632
"../../../game2d/Content/assets/sprites/boss/boss_Sprite_3.uasset" 633
"../../../game2d/Content/assets/sprites/boss/bossfp.uasset" 634
"../../../game2d/Content/assets/blueprints/boss.uasset" 635
"../../../game2d/Content/assets/sprites/itens/Akuji_EnemyItem_Sprite_67.uasset" 636
"../../../game2d/Content/assets/blueprints/boss_item.uasset" 637
"../../../game2d/Content/assets/sprites/fireball/MrBright.uasset" 638
"../../../game2d/Content/assets/sprites/fireball/MrBright_Sprite_17.uasset" 639
"../../../game2d/Content/assets/sprites/fireball/MrBright_Sprite_18.uasset" 640
"../../../game2d/Content/assets/sprites/fireball/MrBright_Sprite_25.uasset" 641
"../../../game2d/Content/assets/sprites/fireball/MrBright_Sprite_26.uasset" 642
"../../../game2d/Content/assets/sprites/fireball/fireball.uasset" 643
"../../../game2d/Content/assets/blueprints/fireball.uasset" 644
"../../../game2d/Content/assets/sprites/itens/Akuji_EnemyItem_Sprite_39.uasset" 645
"../../../game2d/Content/assets/blueprints/fireball_item.uasset" 646
"../../../game2d/Content/assets/sprites/itens/Akuji_EnemyItem_Sprite_4.uasset" 647
"../../../game2d/Content/assets/blueprints/life_item.uasset" 648
"../../../game2d/Content/assets/sprites/stafy/Stafy2_Sprite_100.uasset" 649
"../../../game2d/Content/assets/sprites/stafy/Stafy2_Sprite_101.uasset" 650
"../../../game2d/Content/assets/sprites/stafy/Stafy2_Sprite_102.uasset" 651
"../../../game2d/Content/assets/sprites/stafy/Stafy2_Sprite_103.uasset" 652
"../../../game2d/Content/assets/sprites/stafy/Stafy2_Sprite_104.uasset" 653
"../../../game2d/Content/assets/sprites/stafy/Stafy2_Sprite_105.uasset" 654
"../../../game2d/Content/assets/sprites/stafy/Stafy2_Sprite_106.uasset" 655
"../../../game2d/Content/assets/sprites/stafy/Stafy2_Sprite_107.uasset" 656
"../../../game2d/Content/assets/sprites/stafy/Stafy2_Sprite_108.uasset" 657
"../../../game2d/Content/assets/sprites/stafy/Stafy2_Sprite_109.uasset" 658
"../../../game2d/Content/assets/sprites/stafy/Stafy2_Sprite_110.uasset" 659
"../../../game2d/Content/assets/sprites/stafy/Stafy2_Sprite_111.uasset" 660
"../../../game2d/Content/assets/sprites/stafy/Stafy2_Sprite_99.uasset" 661
"../../../game2d/Content/assets/sprites/stafy/idlestafy.uasset" 662
"../../../game2d/Content/assets/sprites/stafy/Stafy2_Sprite_218.uasset" 663
"../../../game2d/Content/assets/sprites/stafy/jumpstafy.uasset" 664
"../../../game2d/Content/assets/sprites/stafy/Stafy2_Sprite_18.uasset" 665
"../../../game2d/Content/assets/sprites/stafy/Stafy2_Sprite_19.uasset" 666
"../../../game2d/Content/assets/sprites/stafy/Stafy2_Sprite_20.uasset" 667
"../../../game2d/Content/assets/sprites/stafy/Stafy2_Sprite_21.uasset" 668
"../../../game2d/Content/assets/sprites/stafy/Stafy2_Sprite_22.uasset" 669
"../../../game2d/Content/assets/sprites/stafy/Stafy2_Sprite_23.uasset" 670
"../../../game2d/Content/assets/sprites/stafy/Stafy2_Sprite_24.uasset" 671
"../../../game2d/Content/assets/sprites/stafy/Stafy2_Sprite_25.uasset" 672
"../../../game2d/Content/assets/sprites/stafy/runstafy.uasset" 673
"../../../game2d/Content/assets/umg/endWidget.uasset" 674
"../../../game2d/Content/assets/sprites/UI/PRESSP.uasset" 675
"../../../game2d/Content/assets/umg/startWidget.uasset" 676
"../../../game2d/Content/assets/blueprints/character.uasset" 677
"../../../Engine/Content/EngineSky/C_Sky_Cloud_Color.uasset" 678
"../../../Engine/Content/EngineSky/C_Sky_Horizon_Color.uasset" 679
"../../../Engine/Content/EngineSky/C_Sky_Zenith_Color.uasset" 680
"../../../Engine/Content/EngineSky/T_Sky_Blue.uasset" 681
"../../../Engine/Content/EngineSky/T_Sky_Clouds_M.uasset" 682
"../../../Engine/Content/EngineSky/T_Sky_Stars.uasset" 683
"../../../Engine/Content/EngineSky/M_Sky_Panning_Clouds2.uasset" 684
"../../../Engine/Content/EngineSky/SM_SkySphere.uasset" 685
"../../../Engine/Content/EngineSky/BP_Sky_Sphere.uasset" 686
"../../../game2d/Content/assets/audio/song18.uasset" 687
"../../../game2d/Content/assets/audio/song18_Cue.uasset" 688
"../../../game2d/Content/assets/blueprints/audio.uasset" 689
"../../../game2d/Content/assets/sprites/background/caveee.uasset" 690
"../../../game2d/Content/assets/sprites/background/caveee_Sprite.uasset" 691
"../../../game2d/Content/assets/blueprints/background.uasset" 692
"../../../game2d/Content/assets/sprites/lava/Lava_24_X_24.uasset" 693
"../../../game2d/Content/assets/sprites/lava/Lava_24_X_24_Sprite.uasset" 694
"../../../game2d/Content/assets/blueprints/lava.uasset" 695
"../../../game2d/Content/assets/blueprints/spawner.uasset" 696
"../../../game2d/Content/dropblocks_BuiltData.uasset" 697
"../../../game2d/Content/assets/tilemap/sheet1.uasset" 698
"../../../game2d/Content/assets/tilemap/sheet1_TileSet.uasset" 699
"../../../game2d/Content/assets/tilemap/tilemap.uasset" 700
"../../../game2d/Content/dropblocks.umap" 701
"../../../game2d/Content/mapa_BuiltData.uasset" 702
"../../../game2d/Content/mapa.umap" 703
"../../../Engine/Content/Maps/Entry.umap" 704
